<?xml version="1.0" encoding="UTF-8"?>
<!-- Generated by org.testng.reporters.JUnitReportReporter -->
<testsuite hostname="AKKYU01-5520" name="com.qa.tests.getAPITest" tests="2" failures="0" timestamp="18 Sep 2018 15:41:40 GMT" time="8.293" errors="0">
  <testcase name="getAPIwithHeaders" time="3.236" classname="com.qa.tests.getAPITest"/>
  <testcase name="getAPI" time="5.057" classname="com.qa.tests.getAPITest"/>
</testsuite> <!-- com.qa.tests.getAPITest -->
